<?xml version="1.0" encoding="UTF-8" standalone="no"?>
<testsuite errors="0" failures="0" name="io.cucumber.core.plugin.JUnitFormatter" skipped="0" tests="3" time="58.979">
    <testcase classname="To check Login Functionality" name="Check login is successful with valid credentials" time="21.16">
        <system-out><![CDATA[Given user is on login page.................................................passed
When user enters username and password......................................passed
And click on Login button...................................................passed
Then user should navigate home page.........................................passed
]]></system-out>
    </testcase>
    <testcase classname="To check Login Functionality" name="Check login is successful with invalid credentials" time="19.102">
        <system-out><![CDATA[Given user is on login page.................................................passed
When user enters username and password......................................passed
And click on Login button...................................................passed
Then user should navigate home page.........................................passed
]]></system-out>
    </testcase>
    <testcase classname="To check Login Functionality" name="Check login credentials" time="18.549">
        <system-out><![CDATA[Given user is on login page.................................................passed
When user enters username and password......................................passed
And click on Login button...................................................passed
Then user should navigate home page.........................................passed
]]></system-out>
    </testcase>
</testsuite>
