<?xml version="1.0" encoding="UTF-8"?>
<!-- Generated by org.testng.reporters.JUnitXMLReporter -->
<testsuite ignored="0" hostname="INLEN8520069361" failures="0" tests="4" name="Test" time="54.932" errors="0" timestamp="2023-01-03T14:26:02 IST">
  <testcase classname="com.testNGtest.DataProvider2" name="TestLogin" time="27.85"/>
  <testcase classname="com.testNGtest.DataProvider2" name="TestLogin" time="28.052"/>
  <testcase classname="com.testNGtest.DataProvider2" name="TestLogin" time="26.724"/>
  <testcase classname="com.testNGtest.DataProvider2" name="TestLogin" time="26.833"/>
</testsuite> <!-- Test -->
