<?xml version="1.0" encoding="UTF-8"?>
<!-- Generated by org.testng.reporters.JUnitXMLReporter -->
<testsuite ignored="1" hostname="INLEN8520069361" failures="1" tests="1" name="Error Validation Test" time="0.046" errors="0" timestamp="2024-04-04T18:23:38 IST">
  <testcase classname="TestNgTraining.Tests.ErrorValidationTest" name="SubmitOrder" time="0.008">
    <failure type="java.lang.NullPointerException" message="Cannot invoke &amp;quot;TestNgTraining.pageobject.LandingPage.loginApplication(String, String)&amp;quot; because &amp;quot;this.landingPage&amp;quot; is null">
      <![CDATA[java.lang.NullPointerException: Cannot invoke "TestNgTraining.pageobject.LandingPage.loginApplication(String, String)" because "this.landingPage" is null
at TestNgTraining.Tests.ErrorValidationTest.SubmitOrder(ErrorValidationTest.java:19)
at java.base/java.util.ArrayList.forEach(ArrayList.java:1511)
at java.base/java.util.concurrent.FutureTask.run(FutureTask.java:264)
at java.base/java.util.concurrent.ThreadPoolExecutor.runWorker(ThreadPoolExecutor.java:1136)
at java.base/java.util.concurrent.ThreadPoolExecutor$Worker.run(ThreadPoolExecutor.java:635)
at java.base/java.lang.Thread.run(Thread.java:833)
... Removed 18 stack frames]]>
    </failure>
  </testcase> <!-- SubmitOrder -->
  <testcase classname="TestNgTraining.Tests.ErrorValidationTest" name="ProductErrorValidation" time="0.0">
    <ignored/>
  </testcase> <!-- ProductErrorValidation -->
</testsuite> <!-- Error Validation Test -->
