<?xml version="1.0" encoding="UTF-8"?>
<!-- Generated by org.testng.reporters.JUnitXMLReporter -->
<testsuite ignored="1" hostname="INLEN8520069361" failures="0" tests="2" name="GoogleTest" time="0.049" errors="0" timestamp="2022-12-30T14:35:58 IST">
  <testcase classname="com.testNGtest.SwagtestNG1" name="GoogleSearch" time="0.008"/>
  <testcase classname="com.testNGtest.SwagtestNG1" name="PageData" time="0.001"/>
  <testcase classname="com.testNGtest.SwagtestNG1" name="SearchData" time="0.0">
    <ignored/>
  </testcase> <!-- SearchData -->
</testsuite> <!-- GoogleTest -->
